\BOOKMARK [1][-]{section.1}{\376\377\000\277\000Q\000u\000\351\000\040\000e\000s\000\040\000e\000l\000\040\000a\000r\000c\000o\000\040\000d\000e\000\040\000u\000n\000\040\000\341\000n\000g\000u\000l\000o\000?}{}% 1
\BOOKMARK [2][-]{subsection.1.1}{\376\377\000G\000r\000\341\000f\000i\000c\000a\000\040\000d\000e\000\040\000l\000a\000\040\000f\000u\000n\000c\000i\000\363\000n\000\040\000a\000r\000c\000o\000c\000o\000s\000e\000n\000o}{section.1}% 2
\BOOKMARK [1][-]{section.2}{\376\377\000I\000d\000e\000n\000t\000i\000d\000a\000d\000\040\000d\000e\000l\000\040\000c\000o\000s\000e\000n\000o\000\040\000d\000e\000\040\000l\000a\000\040\000s\000u\000m\000a}{}% 3
\BOOKMARK [1][-]{section.3}{\376\377\000D\000e\000m\000o\000s\000t\000r\000a\000c\000i\000\363\000n\000\040\000g\000e\000o\000m\000\351\000t\000r\000i\000c\000a\000\040\000u\000s\000a\000n\000d\000o\000\040\000e\000l\000\040\000c\000\355\000r\000c\000u\000l\000o\000\040\000u\000n\000i\000t\000a\000r\000i\000o}{}% 4
\BOOKMARK [1][-]{section.4}{\376\377\000D\000e\000d\000u\000c\000c\000i\000\363\000n\000\040\000d\000e\000\040\000l\000a\000\040\000m\000a\000t\000r\000i\000z\000\040\000d\000e\000\040\000r\000o\000t\000a\000c\000i\000\363\000n}{}% 5
\BOOKMARK [1][-]{section.5}{\376\377\000D\000e\000m\000o\000s\000t\000r\000a\000c\000i\000\363\000n\000\040\000d\000e\000\040\000l\000a\000\040\000f\000\363\000r\000m\000u\000l\000a\000\040\000d\000e\000\040\000c\000o\000s\000\050\000a\000+\000b\000\051}{}% 6
\BOOKMARK [1][-]{section.6}{\376\377\000R\000e\000p\000r\000e\000s\000e\000n\000t\000a\000c\000i\000\363\000n\000\040\000d\000e\000\040\000l\000o\000s\000\040\000n\000\372\000m\000e\000r\000o\000s\000\040\000c\000o\000m\000p\000l\000e\000j\000o\000s\000\040\000c\000o\000m\000o\000\040\000m\000a\000t\000r\000i\000c\000e\000s\000\040\0002\000x\0002}{}% 7
\BOOKMARK [1][-]{section.7}{\376\377\000E\000j\000e\000m\000p\000l\000o\000:\000\040\000R\000o\000t\000a\000c\000i\000\363\000n\000\040\000d\000e\000\040\0002\0005\000\040\000c\000o\000m\000o\000\040\000m\000a\000t\000r\000i\000z\000\040\0002\000x\0002}{}% 8
\BOOKMARK [1][-]{section.8}{\376\377\000D\000e\000m\000o\000s\000t\000r\000a\000c\000i\000\363\000n\000\040\000d\000e\000\040\000l\000a\000\040\000r\000e\000l\000a\000c\000i\000\363\000n\000\040\000e\000n\000t\000r\000e\000\040\000c\000o\000s\000\050\0002\000p\000i\000/\0005\000\051\000\040\000y\000\040\000e\000l\000\040\000n\000\372\000m\000e\000r\000o\000\040\000\341\000u\000r\000e\000o}{}% 9
\BOOKMARK [1][-]{section.9}{\376\377\000P\000o\000l\000i\000n\000o\000m\000i\000o\000\040\000d\000e\000\040\000C\000h\000e\000b\000y\000s\000h\000e\000v\000\040\000y\000\040\000r\000e\000l\000a\000c\000i\000o\000n\000\040\000c\000o\000n\000\040\000F\000i\000b\000o\000n\000a\000c\000c\000i}{}% 10
\BOOKMARK [2][-]{subsection.9.1}{\376\377\000P\000u\000n\000t\000o\000s\000\040\000p\000o\000r\000\040\000h\000a\000c\000e\000r}{section.9}% 11
\BOOKMARK [2][-]{subsection.9.2}{\376\377\000D\000e\000m\000o\000s\000t\000r\000a\000c\000i\000o\000n\000\040\000d\000e\000\040\000l\000o\000s\000\040\000p\000o\000l\000i\000n\000o\000m\000i\000o\000s\000\040\000d\000e\000\040\000C\000h\000e\000b\000y\000s\000h\000e\000v}{section.9}% 12
\BOOKMARK [2][-]{subsection.9.3}{\376\377\000P\000u\000n\000t\000o\000s\000\040\000p\000o\000r\000\040\000h\000a\000c\000e\000r}{section.9}% 13
\BOOKMARK [2][-]{subsection.9.4}{\376\377\000R\000e\000l\000a\000c\000i\000o\000n\000\040\000e\000n\000t\000r\000e\000\040\000C\000h\000e\000b\000y\000s\000h\000e\000v\000\040\000y\000\040\000F\000i\000b\000o\000n\000a\000c\000c\000i}{section.9}% 14
\BOOKMARK [2][-]{subsection.9.5}{\376\377\000P\000u\000n\000t\000o\000s\000\040\000p\000o\000r\000\040\000h\000a\000c\000e\000r}{section.9}% 15
\BOOKMARK [2][-]{subsection.9.6}{\376\377\000P\000o\000l\000i\000n\000o\000m\000i\000o\000s\000\040\000d\000e\000\040\000C\000h\000e\000b\000y\000s\000h\000e\000v\000\040\000y\000\040\000s\000u\000\040\000r\000e\000l\000a\000c\000i\000o\000n\000\040\000t\000r\000i\000g\000o\000n\000o\000m\000e\000t\000r\000i\000c\000a}{section.9}% 16
\BOOKMARK [2][-]{subsection.9.7}{\376\377\000P\000u\000n\000t\000o\000s\000\040\000p\000o\000r\000\040\000h\000a\000c\000e\000r}{section.9}% 17
\BOOKMARK [2][-]{subsection.9.8}{\376\377\000P\000u\000n\000t\000o\000s\000\040\000p\000o\000r\000\040\000h\000a\000c\000e\000r}{section.9}% 18
\BOOKMARK [2][-]{subsection.9.9}{\376\377\000P\000u\000n\000t\000o\000s\000\040\000p\000o\000r\000\040\000h\000a\000c\000e\000r}{section.9}% 19
\BOOKMARK [1][-]{section.10}{\376\377\000C\000o\000n\000c\000l\000u\000s\000i\000\363\000n}{}% 20
